<?xml version="1.0" encoding="UTF-8"?>
<!-- Generated by org.testng.reporters.JUnitXMLReporter -->
<testsuite ignored="0" hostname="DESKTOP-VQGM9EM" failures="0" tests="14" name="Surefire test" time="25.359" errors="0" timestamp="2026-08-10T14:14:11 IST">
  <testcase classname="api.test.DDTest" name="testPostuser" time="3.461"/>
  <testcase classname="api.test.DDTest" name="testPostuser" time="1.375"/>
  <testcase classname="api.test.DDTest" name="testPostuser" time="1.364"/>
  <testcase classname="api.test.DDTest" name="testPostuser" time="1.353"/>
  <testcase classname="api.test.DDTest" name="testPostuser" time="1.41"/>
  <testcase classname="api.test.DDTest" name="testDeleteUserByName" time="1.385"/>
  <testcase classname="api.test.DDTest" name="testDeleteUserByName" time="1.38"/>
  <testcase classname="api.test.DDTest" name="testDeleteUserByName" time="1.358"/>
  <testcase classname="api.test.DDTest" name="testDeleteUserByName" time="1.393"/>
  <testcase classname="api.test.DDTest" name="testDeleteUserByName" time="1.371"/>
  <testcase classname="api.test.UserTest" name="testPostUser" time="1.46"/>
  <testcase classname="api.test.UserTest" name="testUserByName" time="1.343"/>
  <testcase classname="api.test.UserTest" name="testUpdateUserByName" time="2.737"/>
  <testcase classname="api.test.UserTest" name="testDeleteUserByName" time="1.378"/>
</testsuite> <!-- Surefire test -->
