<?xml version="1.0" encoding="UTF-8"?>
<!-- Generated by org.testng.reporters.JUnitXMLReporter -->
<testsuite ignored="0" hostname="DESKTOP-VQGM9EM" failures="0" tests="10" name="Default test" time="17.39" errors="0" timestamp="2026-08-10T09:41:43 IST">
  <testcase classname="api.test.DDTest" name="testPostuser" time="3.425"/>
  <testcase classname="api.test.DDTest" name="testPostuser" time="1.384"/>
  <testcase classname="api.test.DDTest" name="testPostuser" time="1.338"/>
  <testcase classname="api.test.DDTest" name="testPostuser" time="1.364"/>
  <testcase classname="api.test.DDTest" name="testPostuser" time="1.394"/>
  <testcase classname="api.test.DDTest" name="testDeleteUserByName" time="1.368"/>
  <testcase classname="api.test.DDTest" name="testDeleteUserByName" time="1.335"/>
  <testcase classname="api.test.DDTest" name="testDeleteUserByName" time="1.346"/>
  <testcase classname="api.test.DDTest" name="testDeleteUserByName" time="1.307"/>
  <testcase classname="api.test.DDTest" name="testDeleteUserByName" time="1.358"/>
</testsuite> <!-- Default test -->
