<?xml version="1.0" encoding="UTF-8"?>
<!-- Generated by org.testng.reporters.JUnitReportReporter -->
<testsuite hostname="DESKTOP-VQGM9EM" failures="0" tests="4" name="api.test.UserTest2" time="9.040" errors="0" timestamp="2026-08-10T12:12:24 IST" skipped="0">
  <testcase classname="api.test.UserTest2" name="testPostUser" time="3.639"/>
  <testcase classname="api.test.UserTest2" name="testUserByName" time="1.383"/>
  <testcase classname="api.test.UserTest2" name="testUpdateUserByName" time="2.683"/>
  <testcase classname="api.test.UserTest2" name="testDeleteUserByName" time="1.335"/>
</testsuite> <!-- api.test.UserTest2 -->
