<?xml version="1.0" encoding="UTF-8"?>
<!-- Generated by org.testng.reporters.JUnitReportReporter -->
<testsuite hostname="DESKTOP-VQGM9EM" failures="0" tests="4" name="api.test.UserTest" time="9.402" errors="0" timestamp="2026-08-10T11:05:56 IST" skipped="0">
  <testcase classname="api.test.UserTest" name="testPostUser" time="3.746"/>
  <testcase classname="api.test.UserTest" name="testUserByName" time="1.428"/>
  <testcase classname="api.test.UserTest" name="testUpdateUserByName" time="2.843"/>
  <testcase classname="api.test.UserTest" name="testDeleteUserByName" time="1.385"/>
</testsuite> <!-- api.test.UserTest -->
