<?xml version="1.0" encoding="UTF-8"?>
<!-- Generated by org.testng.reporters.JUnitReportReporter -->
<testsuite hostname="DESKTOP-VQGM9EM" failures="0" tests="10" name="api.test.DDTest" time="15.850" errors="0" timestamp="2026-08-10T14:14:11 IST" skipped="0">
  <testcase classname="api.test.DDTest" name="testPostuser" time="1.353"/>
  <testcase classname="api.test.DDTest" name="testPostuser" time="1.410"/>
  <testcase classname="api.test.DDTest" name="testPostuser" time="1.364"/>
  <testcase classname="api.test.DDTest" name="testPostuser" time="1.375"/>
  <testcase classname="api.test.DDTest" name="testPostuser" time="3.461"/>
  <testcase classname="api.test.DDTest" name="testDeleteUserByName" time="1.385"/>
  <testcase classname="api.test.DDTest" name="testDeleteUserByName" time="1.371"/>
  <testcase classname="api.test.DDTest" name="testDeleteUserByName" time="1.380"/>
  <testcase classname="api.test.DDTest" name="testDeleteUserByName" time="1.358"/>
  <testcase classname="api.test.DDTest" name="testDeleteUserByName" time="1.393"/>
</testsuite> <!-- api.test.DDTest -->
