<?xml version="1.0" encoding="UTF-8"?>
<!-- Generated by org.testng.reporters.JUnitReportReporter -->
<testsuite hostname="DESKTOP-VQGM9EM" failures="0" tests="4" name="api.test.UserTest" time="6.918" errors="0" timestamp="2026-08-10T14:14:11 IST" skipped="0">
  <testcase classname="api.test.UserTest" name="testPostUser" time="1.460"/>
  <testcase classname="api.test.UserTest" name="testUserByName" time="1.343"/>
  <testcase classname="api.test.UserTest" name="testUpdateUserByName" time="2.737"/>
  <testcase classname="api.test.UserTest" name="testDeleteUserByName" time="1.378"/>
</testsuite> <!-- api.test.UserTest -->
