<?xml version="1.0" encoding="UTF-8"?>
<!-- Generated by org.testng.reporters.JUnitXMLReporter -->
<testsuite ignored="0" hostname="DESKTOP-VQGM9EM" failures="0" tests="4" name="PetTest" time="10.156" errors="0" timestamp="2026-08-10T12:12:24 IST">
  <testcase classname="api.test.UserTest2" name="testPostUser" time="3.639"/>
  <testcase classname="api.test.UserTest2" name="testUserByName" time="1.383"/>
  <testcase classname="api.test.UserTest2" name="testUpdateUserByName" time="2.683"/>
  <testcase classname="api.test.UserTest2" name="testDeleteUserByName" time="1.335"/>
</testsuite> <!-- PetTest -->
